<?xml version='1.0' encoding='UTF-8'?>
<testsuite hostname="ubuntu" name="neu.edu.nlp.TFIDFSpec" tests="10" errors="0" failures="4" time="19.772">
                     <properties>
[...]
</properties>
                     <testcase classname="neu.edu.nlp.TFIDFSpec" name="0" time="0.043">
                                                 
                                               </testcase><testcase classname="neu.edu.nlp.TFIDFSpec" name="words with most tf&quot; should be celtics" time="0.001">
                                                 
                                               </testcase><testcase classname="neu.edu.nlp.TFIDFSpec" name="key word in sample file should be duang, ramen" time="18.483">
                                                 <failure message="Received Facebook error response of type OAuthException: Error validating access token: Session has expired on Saturday, 16-Apr-16 14:00:00 PDT. The current time is Saturday, 16-Apr-16 18:03:02 PDT. (code 190, subcode 463)" type="com.restfb.exception.FacebookOAuthException">com.restfb.exception.FacebookOAuthException: Received Facebook error response of type OAuthException: Error validating access token: Session has expired on Saturday, 16-Apr-16 14:00:00 PDT. The current time is Saturday, 16-Apr-16 18:03:02 PDT. (code 190, subcode 463)
	at com.restfb.DefaultFacebookClient$DefaultGraphFacebookExceptionMapper.exceptionForTypeAndMessage(DefaultFacebookClient.java:1174)
	at com.restfb.DefaultFacebookClient.throwFacebookResponseStatusExceptionIfNecessary(DefaultFacebookClient.java:1100)
	at com.restfb.DefaultFacebookClient.makeRequestAndProcessResponse(DefaultFacebookClient.java:1041)
	at com.restfb.DefaultFacebookClient.makeRequest(DefaultFacebookClient.java:952)
	at com.restfb.DefaultFacebookClient.makeRequest(DefaultFacebookClient.java:914)
	at com.restfb.DefaultFacebookClient.fetchConnection(DefaultFacebookClient.java:356)
	at neu.edu.nlp.fb_recommend$.getClient(fb_recommend.scala:30)
	at neu.edu.nlp.fb_recommend.&lt;init&gt;(fb_recommend.scala:21)
	at neu.edu.nlp.TFIDF$.tfidf(TFIDF.scala:91)
	at neu.edu.nlp.TFIDF$.getTfidf(TFIDF.scala:31)
	at neu.edu.nlp.TFIDFSpec$$anonfun$4.apply$mcV$sp(TFIDFSpec.scala:56)
	at neu.edu.nlp.TFIDFSpec$$anonfun$4.apply(TFIDFSpec.scala:55)
	at neu.edu.nlp.TFIDFSpec$$anonfun$4.apply(TFIDFSpec.scala:55)
	at org.scalatest.Transformer$$anonfun$apply$1.apply(Transformer.scala:22)
	at org.scalatest.Transformer$$anonfun$apply$1.apply(Transformer.scala:22)
	at org.scalatest.OutcomeOf$class.outcomeOf(OutcomeOf.scala:85)
	at org.scalatest.OutcomeOf$.outcomeOf(OutcomeOf.scala:104)
	at org.scalatest.Transformer.apply(Transformer.scala:22)
	at org.scalatest.Transformer.apply(Transformer.scala:20)
	at org.scalatest.FlatSpecLike$$anon$1.apply(FlatSpecLike.scala:1639)
	at org.scalatest.Suite$class.withFixture(Suite.scala:1121)
	at org.scalatest.FlatSpec.withFixture(FlatSpec.scala:1683)
	at org.scalatest.FlatSpecLike$class.invokeWithFixture$1(FlatSpecLike.scala:1636)
	at org.scalatest.FlatSpecLike$$anonfun$runTest$1.apply(FlatSpecLike.scala:1648)
	at org.scalatest.FlatSpecLike$$anonfun$runTest$1.apply(FlatSpecLike.scala:1648)
	at org.scalatest.SuperEngine.runTestImpl(Engine.scala:306)
	at org.scalatest.FlatSpecLike$class.runTest(FlatSpecLike.scala:1648)
	at org.scalatest.FlatSpec.runTest(FlatSpec.scala:1683)
	at org.scalatest.FlatSpecLike$$anonfun$runTests$1.apply(FlatSpecLike.scala:1706)
	at org.scalatest.FlatSpecLike$$anonfun$runTests$1.apply(FlatSpecLike.scala:1706)
	at org.scalatest.SuperEngine$$anonfun$traverseSubNodes$1$1.apply(Engine.scala:413)
	at org.scalatest.SuperEngine$$anonfun$traverseSubNodes$1$1.apply(Engine.scala:401)
	at scala.collection.immutable.List.foreach(List.scala:381)
	at org.scalatest.SuperEngine.traverseSubNodes$1(Engine.scala:401)
	at org.scalatest.SuperEngine.org$scalatest$SuperEngine$$runTestsInBranch(Engine.scala:390)
	at org.scalatest.SuperEngine$$anonfun$traverseSubNodes$1$1.apply(Engine.scala:427)
	at org.scalatest.SuperEngine$$anonfun$traverseSubNodes$1$1.apply(Engine.scala:401)
	at scala.collection.immutable.List.foreach(List.scala:381)
	at org.scalatest.SuperEngine.traverseSubNodes$1(Engine.scala:401)
	at org.scalatest.SuperEngine.org$scalatest$SuperEngine$$runTestsInBranch(Engine.scala:396)
	at org.scalatest.SuperEngine.runTestsImpl(Engine.scala:483)
	at org.scalatest.FlatSpecLike$class.runTests(FlatSpecLike.scala:1706)
	at org.scalatest.FlatSpec.runTests(FlatSpec.scala:1683)
	at org.scalatest.Suite$class.run(Suite.scala:1423)
	at org.scalatest.FlatSpec.org$scalatest$FlatSpecLike$$super$run(FlatSpec.scala:1683)
	at org.scalatest.FlatSpecLike$$anonfun$run$1.apply(FlatSpecLike.scala:1752)
	at org.scalatest.FlatSpecLike$$anonfun$run$1.apply(FlatSpecLike.scala:1752)
	at org.scalatest.SuperEngine.runImpl(Engine.scala:545)
	at org.scalatest.FlatSpecLike$class.run(FlatSpecLike.scala:1752)
	at org.scalatest.FlatSpec.run(FlatSpec.scala:1683)
	at org.scalatest.tools.Framework.org$scalatest$tools$Framework$$runSuite(Framework.scala:444)
	at org.scalatest.tools.Framework$ScalaTestTask.execute(Framework.scala:651)
	at sbt.TestRunner.runTest$1(TestFramework.scala:76)
	at sbt.TestRunner.run(TestFramework.scala:85)
	at sbt.TestFramework$$anon$2$$anonfun$$init$$1$$anonfun$apply$8.apply(TestFramework.scala:202)
	at sbt.TestFramework$$anon$2$$anonfun$$init$$1$$anonfun$apply$8.apply(TestFramework.scala:202)
	at sbt.TestFramework$.sbt$TestFramework$$withContextLoader(TestFramework.scala:185)
	at sbt.TestFramework$$anon$2$$anonfun$$init$$1.apply(TestFramework.scala:202)
	at sbt.TestFramework$$anon$2$$anonfun$$init$$1.apply(TestFramework.scala:202)
	at sbt.TestFunction.apply(TestFramework.scala:207)
	at sbt.Tests$$anonfun$9.apply(Tests.scala:216)
	at sbt.Tests$$anonfun$9.apply(Tests.scala:216)
	at sbt.std.Transform$$anon$3$$anonfun$apply$2.apply(System.scala:44)
	at sbt.std.Transform$$anon$3$$anonfun$apply$2.apply(System.scala:44)
	at sbt.std.Transform$$anon$4.work(System.scala:63)
	at sbt.Execute$$anonfun$submit$1$$anonfun$apply$1.apply(Execute.scala:228)
	at sbt.Execute$$anonfun$submit$1$$anonfun$apply$1.apply(Execute.scala:228)
	at sbt.ErrorHandling$.wideConvert(ErrorHandling.scala:17)
	at sbt.Execute.work(Execute.scala:237)
	at sbt.Execute$$anonfun$submit$1.apply(Execute.scala:228)
	at sbt.Execute$$anonfun$submit$1.apply(Execute.scala:228)
	at sbt.ConcurrentRestrictions$$anon$4$$anonfun$1.apply(ConcurrentRestrictions.scala:159)
	at sbt.CompletionService$$anon$2.call(CompletionService.scala:28)
	at java.util.concurrent.FutureTask.run(FutureTask.java:266)
	at java.util.concurrent.Executors$RunnableAdapter.call(Executors.java:511)
	at java.util.concurrent.FutureTask.run(FutureTask.java:266)
	at java.util.concurrent.ThreadPoolExecutor.runWorker(ThreadPoolExecutor.java:1142)
	at java.util.concurrent.ThreadPoolExecutor$Worker.run(ThreadPoolExecutor.java:617)
	at java.lang.Thread.run(Thread.java:745)
</failure>
                                               </testcase><testcase classname="neu.edu.nlp.TFIDFSpec" name="tf idf value test of sample file should get value pre-calcualted" time="0.983">
                                                 <failure message="Only one SparkContext may be running in this JVM (see SPARK-2243). To ignore this error, set spark.driver.allowMultipleContexts = true. The currently running SparkContext was created at:
org.apache.spark.SparkContext.&lt;init&gt;(SparkContext.scala:70)
neu.edu.nlp.TFIDF$.initialSpark(TFIDF.scala:41)
neu.edu.nlp.TFIDF$.getTfidf(TFIDF.scala:30)
neu.edu.nlp.TFIDFSpec$$anonfun$4.apply$mcV$sp(TFIDFSpec.scala:56)
neu.edu.nlp.TFIDFSpec$$anonfun$4.apply(TFIDFSpec.scala:55)
neu.edu.nlp.TFIDFSpec$$anonfun$4.apply(TFIDFSpec.scala:55)
org.scalatest.Transformer$$anonfun$apply$1.apply(Transformer.scala:22)
org.scalatest.Transformer$$anonfun$apply$1.apply(Transformer.scala:22)
org.scalatest.OutcomeOf$class.outcomeOf(OutcomeOf.scala:85)
org.scalatest.OutcomeOf$.outcomeOf(OutcomeOf.scala:104)
org.scalatest.Transformer.apply(Transformer.scala:22)
org.scalatest.Transformer.apply(Transformer.scala:20)
org.scalatest.FlatSpecLike$$anon$1.apply(FlatSpecLike.scala:1639)
org.scalatest.Suite$class.withFixture(Suite.scala:1121)
org.scalatest.FlatSpec.withFixture(FlatSpec.scala:1683)
org.scalatest.FlatSpecLike$class.invokeWithFixture$1(FlatSpecLike.scala:1636)
org.scalatest.FlatSpecLike$$anonfun$runTest$1.apply(FlatSpecLike.scala:1648)
org.scalatest.FlatSpecLike$$anonfun$runTest$1.apply(FlatSpecLike.scala:1648)
org.scalatest.SuperEngine.runTestImpl(Engine.scala:306)
org.scalatest.FlatSpecLike$class.runTest(FlatSpecLike.scala:1648)" type="org.apache.spark.SparkException">org.apache.spark.SparkException: Only one SparkContext may be running in this JVM (see SPARK-2243). To ignore this error, set spark.driver.allowMultipleContexts = true. The currently running SparkContext was created at:
org.apache.spark.SparkContext.&lt;init&gt;(SparkContext.scala:70)
neu.edu.nlp.TFIDF$.initialSpark(TFIDF.scala:41)
neu.edu.nlp.TFIDF$.getTfidf(TFIDF.scala:30)
neu.edu.nlp.TFIDFSpec$$anonfun$4.apply$mcV$sp(TFIDFSpec.scala:56)
neu.edu.nlp.TFIDFSpec$$anonfun$4.apply(TFIDFSpec.scala:55)
neu.edu.nlp.TFIDFSpec$$anonfun$4.apply(TFIDFSpec.scala:55)
org.scalatest.Transformer$$anonfun$apply$1.apply(Transformer.scala:22)
org.scalatest.Transformer$$anonfun$apply$1.apply(Transformer.scala:22)
org.scalatest.OutcomeOf$class.outcomeOf(OutcomeOf.scala:85)
org.scalatest.OutcomeOf$.outcomeOf(OutcomeOf.scala:104)
org.scalatest.Transformer.apply(Transformer.scala:22)
org.scalatest.Transformer.apply(Transformer.scala:20)
org.scalatest.FlatSpecLike$$anon$1.apply(FlatSpecLike.scala:1639)
org.scalatest.Suite$class.withFixture(Suite.scala:1121)
org.scalatest.FlatSpec.withFixture(FlatSpec.scala:1683)
org.scalatest.FlatSpecLike$class.invokeWithFixture$1(FlatSpecLike.scala:1636)
org.scalatest.FlatSpecLike$$anonfun$runTest$1.apply(FlatSpecLike.scala:1648)
org.scalatest.FlatSpecLike$$anonfun$runTest$1.apply(FlatSpecLike.scala:1648)
org.scalatest.SuperEngine.runTestImpl(Engine.scala:306)
org.scalatest.FlatSpecLike$class.runTest(FlatSpecLike.scala:1648)
	at org.apache.spark.SparkContext$$anonfun$assertNoOtherContextIsRunning$1$$anonfun$apply$8.apply(SparkContext.scala:1611)
	at org.apache.spark.SparkContext$$anonfun$assertNoOtherContextIsRunning$1$$anonfun$apply$8.apply(SparkContext.scala:1607)
	at scala.Option.foreach(Option.scala:257)
	at org.apache.spark.SparkContext$$anonfun$assertNoOtherContextIsRunning$1.apply(SparkContext.scala:1607)
	at org.apache.spark.SparkContext$$anonfun$assertNoOtherContextIsRunning$1.apply(SparkContext.scala:1594)
	at scala.Option.foreach(Option.scala:257)
	at org.apache.spark.SparkContext$.assertNoOtherContextIsRunning(SparkContext.scala:1594)
	at org.apache.spark.SparkContext$.setActiveContext(SparkContext.scala:1646)
	at org.apache.spark.SparkContext.&lt;init&gt;(SparkContext.scala:1553)
	at neu.edu.nlp.TFIDF$.initialSpark(TFIDF.scala:41)
	at neu.edu.nlp.TFIDF$.getTfidf(TFIDF.scala:30)
	at neu.edu.nlp.TFIDFSpec$$anonfun$5.apply$mcV$sp(TFIDFSpec.scala:65)
	at neu.edu.nlp.TFIDFSpec$$anonfun$5.apply(TFIDFSpec.scala:64)
	at neu.edu.nlp.TFIDFSpec$$anonfun$5.apply(TFIDFSpec.scala:64)
	at org.scalatest.Transformer$$anonfun$apply$1.apply(Transformer.scala:22)
	at org.scalatest.Transformer$$anonfun$apply$1.apply(Transformer.scala:22)
	at org.scalatest.OutcomeOf$class.outcomeOf(OutcomeOf.scala:85)
	at org.scalatest.OutcomeOf$.outcomeOf(OutcomeOf.scala:104)
	at org.scalatest.Transformer.apply(Transformer.scala:22)
	at org.scalatest.Transformer.apply(Transformer.scala:20)
	at org.scalatest.FlatSpecLike$$anon$1.apply(FlatSpecLike.scala:1639)
	at org.scalatest.Suite$class.withFixture(Suite.scala:1121)
	at org.scalatest.FlatSpec.withFixture(FlatSpec.scala:1683)
	at org.scalatest.FlatSpecLike$class.invokeWithFixture$1(FlatSpecLike.scala:1636)
	at org.scalatest.FlatSpecLike$$anonfun$runTest$1.apply(FlatSpecLike.scala:1648)
	at org.scalatest.FlatSpecLike$$anonfun$runTest$1.apply(FlatSpecLike.scala:1648)
	at org.scalatest.SuperEngine.runTestImpl(Engine.scala:306)
	at org.scalatest.FlatSpecLike$class.runTest(FlatSpecLike.scala:1648)
	at org.scalatest.FlatSpec.runTest(FlatSpec.scala:1683)
	at org.scalatest.FlatSpecLike$$anonfun$runTests$1.apply(FlatSpecLike.scala:1706)
	at org.scalatest.FlatSpecLike$$anonfun$runTests$1.apply(FlatSpecLike.scala:1706)
	at org.scalatest.SuperEngine$$anonfun$traverseSubNodes$1$1.apply(Engine.scala:413)
	at org.scalatest.SuperEngine$$anonfun$traverseSubNodes$1$1.apply(Engine.scala:401)
	at scala.collection.immutable.List.foreach(List.scala:381)
	at org.scalatest.SuperEngine.traverseSubNodes$1(Engine.scala:401)
	at org.scalatest.SuperEngine.org$scalatest$SuperEngine$$runTestsInBranch(Engine.scala:390)
	at org.scalatest.SuperEngine$$anonfun$traverseSubNodes$1$1.apply(Engine.scala:427)
	at org.scalatest.SuperEngine$$anonfun$traverseSubNodes$1$1.apply(Engine.scala:401)
	at scala.collection.immutable.List.foreach(List.scala:381)
	at org.scalatest.SuperEngine.traverseSubNodes$1(Engine.scala:401)
	at org.scalatest.SuperEngine.org$scalatest$SuperEngine$$runTestsInBranch(Engine.scala:396)
	at org.scalatest.SuperEngine.runTestsImpl(Engine.scala:483)
	at org.scalatest.FlatSpecLike$class.runTests(FlatSpecLike.scala:1706)
	at org.scalatest.FlatSpec.runTests(FlatSpec.scala:1683)
	at org.scalatest.Suite$class.run(Suite.scala:1423)
	at org.scalatest.FlatSpec.org$scalatest$FlatSpecLike$$super$run(FlatSpec.scala:1683)
	at org.scalatest.FlatSpecLike$$anonfun$run$1.apply(FlatSpecLike.scala:1752)
	at org.scalatest.FlatSpecLike$$anonfun$run$1.apply(FlatSpecLike.scala:1752)
	at org.scalatest.SuperEngine.runImpl(Engine.scala:545)
	at org.scalatest.FlatSpecLike$class.run(FlatSpecLike.scala:1752)
	at org.scalatest.FlatSpec.run(FlatSpec.scala:1683)
	at org.scalatest.tools.Framework.org$scalatest$tools$Framework$$runSuite(Framework.scala:444)
	at org.scalatest.tools.Framework$ScalaTestTask.execute(Framework.scala:651)
	at sbt.TestRunner.runTest$1(TestFramework.scala:76)
	at sbt.TestRunner.run(TestFramework.scala:85)
	at sbt.TestFramework$$anon$2$$anonfun$$init$$1$$anonfun$apply$8.apply(TestFramework.scala:202)
	at sbt.TestFramework$$anon$2$$anonfun$$init$$1$$anonfun$apply$8.apply(TestFramework.scala:202)
	at sbt.TestFramework$.sbt$TestFramework$$withContextLoader(TestFramework.scala:185)
	at sbt.TestFramework$$anon$2$$anonfun$$init$$1.apply(TestFramework.scala:202)
	at sbt.TestFramework$$anon$2$$anonfun$$init$$1.apply(TestFramework.scala:202)
	at sbt.TestFunction.apply(TestFramework.scala:207)
	at sbt.Tests$$anonfun$9.apply(Tests.scala:216)
	at sbt.Tests$$anonfun$9.apply(Tests.scala:216)
	at sbt.std.Transform$$anon$3$$anonfun$apply$2.apply(System.scala:44)
	at sbt.std.Transform$$anon$3$$anonfun$apply$2.apply(System.scala:44)
	at sbt.std.Transform$$anon$4.work(System.scala:63)
	at sbt.Execute$$anonfun$submit$1$$anonfun$apply$1.apply(Execute.scala:228)
	at sbt.Execute$$anonfun$submit$1$$anonfun$apply$1.apply(Execute.scala:228)
	at sbt.ErrorHandling$.wideConvert(ErrorHandling.scala:17)
	at sbt.Execute.work(Execute.scala:237)
	at sbt.Execute$$anonfun$submit$1.apply(Execute.scala:228)
	at sbt.Execute$$anonfun$submit$1.apply(Execute.scala:228)
	at sbt.ConcurrentRestrictions$$anon$4$$anonfun$1.apply(ConcurrentRestrictions.scala:159)
	at sbt.CompletionService$$anon$2.call(CompletionService.scala:28)
	at java.util.concurrent.FutureTask.run(FutureTask.java:266)
	at java.util.concurrent.Executors$RunnableAdapter.call(Executors.java:511)
	at java.util.concurrent.FutureTask.run(FutureTask.java:266)
	at java.util.concurrent.ThreadPoolExecutor.runWorker(ThreadPoolExecutor.java:1142)
	at java.util.concurrent.ThreadPoolExecutor$Worker.run(ThreadPoolExecutor.java:617)
	at java.lang.Thread.run(Thread.java:745)
</failure>
                                               </testcase><testcase classname="neu.edu.nlp.TFIDFSpec" name="0 when compared with same vector" time="0.002">
                                                 <failure message="Only one SparkContext may be running in this JVM (see SPARK-2243). To ignore this error, set spark.driver.allowMultipleContexts = true. The currently running SparkContext was created at:
org.apache.spark.SparkContext.&lt;init&gt;(SparkContext.scala:70)
neu.edu.nlp.TFIDF$.initialSpark(TFIDF.scala:41)
neu.edu.nlp.TFIDF$.getTfidf(TFIDF.scala:30)
neu.edu.nlp.TFIDFSpec$$anonfun$4.apply$mcV$sp(TFIDFSpec.scala:56)
neu.edu.nlp.TFIDFSpec$$anonfun$4.apply(TFIDFSpec.scala:55)
neu.edu.nlp.TFIDFSpec$$anonfun$4.apply(TFIDFSpec.scala:55)
org.scalatest.Transformer$$anonfun$apply$1.apply(Transformer.scala:22)
org.scalatest.Transformer$$anonfun$apply$1.apply(Transformer.scala:22)
org.scalatest.OutcomeOf$class.outcomeOf(OutcomeOf.scala:85)
org.scalatest.OutcomeOf$.outcomeOf(OutcomeOf.scala:104)
org.scalatest.Transformer.apply(Transformer.scala:22)
org.scalatest.Transformer.apply(Transformer.scala:20)
org.scalatest.FlatSpecLike$$anon$1.apply(FlatSpecLike.scala:1639)
org.scalatest.Suite$class.withFixture(Suite.scala:1121)
org.scalatest.FlatSpec.withFixture(FlatSpec.scala:1683)
org.scalatest.FlatSpecLike$class.invokeWithFixture$1(FlatSpecLike.scala:1636)
org.scalatest.FlatSpecLike$$anonfun$runTest$1.apply(FlatSpecLike.scala:1648)
org.scalatest.FlatSpecLike$$anonfun$runTest$1.apply(FlatSpecLike.scala:1648)
org.scalatest.SuperEngine.runTestImpl(Engine.scala:306)
org.scalatest.FlatSpecLike$class.runTest(FlatSpecLike.scala:1648)" type="org.apache.spark.SparkException">org.apache.spark.SparkException: Only one SparkContext may be running in this JVM (see SPARK-2243). To ignore this error, set spark.driver.allowMultipleContexts = true. The currently running SparkContext was created at:
org.apache.spark.SparkContext.&lt;init&gt;(SparkContext.scala:70)
neu.edu.nlp.TFIDF$.initialSpark(TFIDF.scala:41)
neu.edu.nlp.TFIDF$.getTfidf(TFIDF.scala:30)
neu.edu.nlp.TFIDFSpec$$anonfun$4.apply$mcV$sp(TFIDFSpec.scala:56)
neu.edu.nlp.TFIDFSpec$$anonfun$4.apply(TFIDFSpec.scala:55)
neu.edu.nlp.TFIDFSpec$$anonfun$4.apply(TFIDFSpec.scala:55)
org.scalatest.Transformer$$anonfun$apply$1.apply(Transformer.scala:22)
org.scalatest.Transformer$$anonfun$apply$1.apply(Transformer.scala:22)
org.scalatest.OutcomeOf$class.outcomeOf(OutcomeOf.scala:85)
org.scalatest.OutcomeOf$.outcomeOf(OutcomeOf.scala:104)
org.scalatest.Transformer.apply(Transformer.scala:22)
org.scalatest.Transformer.apply(Transformer.scala:20)
org.scalatest.FlatSpecLike$$anon$1.apply(FlatSpecLike.scala:1639)
org.scalatest.Suite$class.withFixture(Suite.scala:1121)
org.scalatest.FlatSpec.withFixture(FlatSpec.scala:1683)
org.scalatest.FlatSpecLike$class.invokeWithFixture$1(FlatSpecLike.scala:1636)
org.scalatest.FlatSpecLike$$anonfun$runTest$1.apply(FlatSpecLike.scala:1648)
org.scalatest.FlatSpecLike$$anonfun$runTest$1.apply(FlatSpecLike.scala:1648)
org.scalatest.SuperEngine.runTestImpl(Engine.scala:306)
org.scalatest.FlatSpecLike$class.runTest(FlatSpecLike.scala:1648)
	at org.apache.spark.SparkContext$$anonfun$assertNoOtherContextIsRunning$1$$anonfun$apply$8.apply(SparkContext.scala:1611)
	at org.apache.spark.SparkContext$$anonfun$assertNoOtherContextIsRunning$1$$anonfun$apply$8.apply(SparkContext.scala:1607)
	at scala.Option.foreach(Option.scala:257)
	at org.apache.spark.SparkContext$$anonfun$assertNoOtherContextIsRunning$1.apply(SparkContext.scala:1607)
	at org.apache.spark.SparkContext$$anonfun$assertNoOtherContextIsRunning$1.apply(SparkContext.scala:1594)
	at scala.Option.foreach(Option.scala:257)
	at org.apache.spark.SparkContext$.assertNoOtherContextIsRunning(SparkContext.scala:1594)
	at org.apache.spark.SparkContext$.markPartiallyConstructed(SparkContext.scala:1633)
	at org.apache.spark.SparkContext.&lt;init&gt;(SparkContext.scala:79)
	at neu.edu.nlp.TFIDF$.initialSpark(TFIDF.scala:41)
	at neu.edu.nlp.TFIDFSpec$$anonfun$6.apply$mcV$sp(TFIDFSpec.scala:75)
	at neu.edu.nlp.TFIDFSpec$$anonfun$6.apply(TFIDFSpec.scala:73)
	at neu.edu.nlp.TFIDFSpec$$anonfun$6.apply(TFIDFSpec.scala:73)
	at org.scalatest.Transformer$$anonfun$apply$1.apply(Transformer.scala:22)
	at org.scalatest.Transformer$$anonfun$apply$1.apply(Transformer.scala:22)
	at org.scalatest.OutcomeOf$class.outcomeOf(OutcomeOf.scala:85)
	at org.scalatest.OutcomeOf$.outcomeOf(OutcomeOf.scala:104)
	at org.scalatest.Transformer.apply(Transformer.scala:22)
	at org.scalatest.Transformer.apply(Transformer.scala:20)
	at org.scalatest.FlatSpecLike$$anon$1.apply(FlatSpecLike.scala:1639)
	at org.scalatest.Suite$class.withFixture(Suite.scala:1121)
	at org.scalatest.FlatSpec.withFixture(FlatSpec.scala:1683)
	at org.scalatest.FlatSpecLike$class.invokeWithFixture$1(FlatSpecLike.scala:1636)
	at org.scalatest.FlatSpecLike$$anonfun$runTest$1.apply(FlatSpecLike.scala:1648)
	at org.scalatest.FlatSpecLike$$anonfun$runTest$1.apply(FlatSpecLike.scala:1648)
	at org.scalatest.SuperEngine.runTestImpl(Engine.scala:306)
	at org.scalatest.FlatSpecLike$class.runTest(FlatSpecLike.scala:1648)
	at org.scalatest.FlatSpec.runTest(FlatSpec.scala:1683)
	at org.scalatest.FlatSpecLike$$anonfun$runTests$1.apply(FlatSpecLike.scala:1706)
	at org.scalatest.FlatSpecLike$$anonfun$runTests$1.apply(FlatSpecLike.scala:1706)
	at org.scalatest.SuperEngine$$anonfun$traverseSubNodes$1$1.apply(Engine.scala:413)
	at org.scalatest.SuperEngine$$anonfun$traverseSubNodes$1$1.apply(Engine.scala:401)
	at scala.collection.immutable.List.foreach(List.scala:381)
	at org.scalatest.SuperEngine.traverseSubNodes$1(Engine.scala:401)
	at org.scalatest.SuperEngine.org$scalatest$SuperEngine$$runTestsInBranch(Engine.scala:390)
	at org.scalatest.SuperEngine$$anonfun$traverseSubNodes$1$1.apply(Engine.scala:427)
	at org.scalatest.SuperEngine$$anonfun$traverseSubNodes$1$1.apply(Engine.scala:401)
	at scala.collection.immutable.List.foreach(List.scala:381)
	at org.scalatest.SuperEngine.traverseSubNodes$1(Engine.scala:401)
	at org.scalatest.SuperEngine.org$scalatest$SuperEngine$$runTestsInBranch(Engine.scala:396)
	at org.scalatest.SuperEngine.runTestsImpl(Engine.scala:483)
	at org.scalatest.FlatSpecLike$class.runTests(FlatSpecLike.scala:1706)
	at org.scalatest.FlatSpec.runTests(FlatSpec.scala:1683)
	at org.scalatest.Suite$class.run(Suite.scala:1423)
	at org.scalatest.FlatSpec.org$scalatest$FlatSpecLike$$super$run(FlatSpec.scala:1683)
	at org.scalatest.FlatSpecLike$$anonfun$run$1.apply(FlatSpecLike.scala:1752)
	at org.scalatest.FlatSpecLike$$anonfun$run$1.apply(FlatSpecLike.scala:1752)
	at org.scalatest.SuperEngine.runImpl(Engine.scala:545)
	at org.scalatest.FlatSpecLike$class.run(FlatSpecLike.scala:1752)
	at org.scalatest.FlatSpec.run(FlatSpec.scala:1683)
	at org.scalatest.tools.Framework.org$scalatest$tools$Framework$$runSuite(Framework.scala:444)
	at org.scalatest.tools.Framework$ScalaTestTask.execute(Framework.scala:651)
	at sbt.TestRunner.runTest$1(TestFramework.scala:76)
	at sbt.TestRunner.run(TestFramework.scala:85)
	at sbt.TestFramework$$anon$2$$anonfun$$init$$1$$anonfun$apply$8.apply(TestFramework.scala:202)
	at sbt.TestFramework$$anon$2$$anonfun$$init$$1$$anonfun$apply$8.apply(TestFramework.scala:202)
	at sbt.TestFramework$.sbt$TestFramework$$withContextLoader(TestFramework.scala:185)
	at sbt.TestFramework$$anon$2$$anonfun$$init$$1.apply(TestFramework.scala:202)
	at sbt.TestFramework$$anon$2$$anonfun$$init$$1.apply(TestFramework.scala:202)
	at sbt.TestFunction.apply(TestFramework.scala:207)
	at sbt.Tests$$anonfun$9.apply(Tests.scala:216)
	at sbt.Tests$$anonfun$9.apply(Tests.scala:216)
	at sbt.std.Transform$$anon$3$$anonfun$apply$2.apply(System.scala:44)
	at sbt.std.Transform$$anon$3$$anonfun$apply$2.apply(System.scala:44)
	at sbt.std.Transform$$anon$4.work(System.scala:63)
	at sbt.Execute$$anonfun$submit$1$$anonfun$apply$1.apply(Execute.scala:228)
	at sbt.Execute$$anonfun$submit$1$$anonfun$apply$1.apply(Execute.scala:228)
	at sbt.ErrorHandling$.wideConvert(ErrorHandling.scala:17)
	at sbt.Execute.work(Execute.scala:237)
	at sbt.Execute$$anonfun$submit$1.apply(Execute.scala:228)
	at sbt.Execute$$anonfun$submit$1.apply(Execute.scala:228)
	at sbt.ConcurrentRestrictions$$anon$4$$anonfun$1.apply(ConcurrentRestrictions.scala:159)
	at sbt.CompletionService$$anon$2.call(CompletionService.scala:28)
	at java.util.concurrent.FutureTask.run(FutureTask.java:266)
	at java.util.concurrent.Executors$RunnableAdapter.call(Executors.java:511)
	at java.util.concurrent.FutureTask.run(FutureTask.java:266)
	at java.util.concurrent.ThreadPoolExecutor.runWorker(ThreadPoolExecutor.java:1142)
	at java.util.concurrent.ThreadPoolExecutor$Worker.run(ThreadPoolExecutor.java:617)
	at java.lang.Thread.run(Thread.java:745)
</failure>
                                               </testcase><testcase classname="neu.edu.nlp.TFIDFSpec" name="tokenizing line: warrior win 73 games this season should warrior,win,games,season" time="0.0">
                                                 
                                               </testcase><testcase classname="neu.edu.nlp.TFIDFSpec" name="tokenizing line: the and to a for of s in you on graph should get graph" time="0.0">
                                                 
                                               </testcase><testcase classname="neu.edu.nlp.TFIDFSpec" name="tokenizing line: the,and,to,a,graph,theory should get graph,theory" time="0.0">
                                                 
                                               </testcase><testcase classname="neu.edu.nlp.TFIDFSpec" name="tokenizing line: the+and@to!a,graph:theory should get graph,theory" time="0.0">
                                                 
                                               </testcase><testcase classname="neu.edu.nlp.TFIDFSpec" name="fetch user name from facebook should be &quot;Chenxi Hu&quot;" time="0.26">
                                                 <failure message="Received Facebook error response of type OAuthException: Error validating access token: Session has expired on Saturday, 16-Apr-16 14:00:00 PDT. The current time is Saturday, 16-Apr-16 18:03:03 PDT. (code 190, subcode 463)" type="com.restfb.exception.FacebookOAuthException">com.restfb.exception.FacebookOAuthException: Received Facebook error response of type OAuthException: Error validating access token: Session has expired on Saturday, 16-Apr-16 14:00:00 PDT. The current time is Saturday, 16-Apr-16 18:03:03 PDT. (code 190, subcode 463)
	at com.restfb.DefaultFacebookClient$DefaultGraphFacebookExceptionMapper.exceptionForTypeAndMessage(DefaultFacebookClient.java:1174)
	at com.restfb.DefaultFacebookClient.throwFacebookResponseStatusExceptionIfNecessary(DefaultFacebookClient.java:1100)
	at com.restfb.DefaultFacebookClient.makeRequestAndProcessResponse(DefaultFacebookClient.java:1041)
	at com.restfb.DefaultFacebookClient.makeRequest(DefaultFacebookClient.java:952)
	at com.restfb.DefaultFacebookClient.makeRequest(DefaultFacebookClient.java:914)
	at com.restfb.DefaultFacebookClient.fetchObject(DefaultFacebookClient.java:392)
	at neu.edu.nlp.fb_recommend$.fetchUser(fb_recommend.scala:52)
	at neu.edu.nlp.TFIDFSpec$$anonfun$11.apply$mcV$sp(TFIDFSpec.scala:142)
	at neu.edu.nlp.TFIDFSpec$$anonfun$11.apply(TFIDFSpec.scala:139)
	at neu.edu.nlp.TFIDFSpec$$anonfun$11.apply(TFIDFSpec.scala:139)
	at org.scalatest.Transformer$$anonfun$apply$1.apply(Transformer.scala:22)
	at org.scalatest.Transformer$$anonfun$apply$1.apply(Transformer.scala:22)
	at org.scalatest.OutcomeOf$class.outcomeOf(OutcomeOf.scala:85)
	at org.scalatest.OutcomeOf$.outcomeOf(OutcomeOf.scala:104)
	at org.scalatest.Transformer.apply(Transformer.scala:22)
	at org.scalatest.Transformer.apply(Transformer.scala:20)
	at org.scalatest.FlatSpecLike$$anon$1.apply(FlatSpecLike.scala:1639)
	at org.scalatest.Suite$class.withFixture(Suite.scala:1121)
	at org.scalatest.FlatSpec.withFixture(FlatSpec.scala:1683)
	at org.scalatest.FlatSpecLike$class.invokeWithFixture$1(FlatSpecLike.scala:1636)
	at org.scalatest.FlatSpecLike$$anonfun$runTest$1.apply(FlatSpecLike.scala:1648)
	at org.scalatest.FlatSpecLike$$anonfun$runTest$1.apply(FlatSpecLike.scala:1648)
	at org.scalatest.SuperEngine.runTestImpl(Engine.scala:306)
	at org.scalatest.FlatSpecLike$class.runTest(FlatSpecLike.scala:1648)
	at org.scalatest.FlatSpec.runTest(FlatSpec.scala:1683)
	at org.scalatest.FlatSpecLike$$anonfun$runTests$1.apply(FlatSpecLike.scala:1706)
	at org.scalatest.FlatSpecLike$$anonfun$runTests$1.apply(FlatSpecLike.scala:1706)
	at org.scalatest.SuperEngine$$anonfun$traverseSubNodes$1$1.apply(Engine.scala:413)
	at org.scalatest.SuperEngine$$anonfun$traverseSubNodes$1$1.apply(Engine.scala:401)
	at scala.collection.immutable.List.foreach(List.scala:381)
	at org.scalatest.SuperEngine.traverseSubNodes$1(Engine.scala:401)
	at org.scalatest.SuperEngine.org$scalatest$SuperEngine$$runTestsInBranch(Engine.scala:390)
	at org.scalatest.SuperEngine$$anonfun$traverseSubNodes$1$1.apply(Engine.scala:427)
	at org.scalatest.SuperEngine$$anonfun$traverseSubNodes$1$1.apply(Engine.scala:401)
	at scala.collection.immutable.List.foreach(List.scala:381)
	at org.scalatest.SuperEngine.traverseSubNodes$1(Engine.scala:401)
	at org.scalatest.SuperEngine.org$scalatest$SuperEngine$$runTestsInBranch(Engine.scala:396)
	at org.scalatest.SuperEngine.runTestsImpl(Engine.scala:483)
	at org.scalatest.FlatSpecLike$class.runTests(FlatSpecLike.scala:1706)
	at org.scalatest.FlatSpec.runTests(FlatSpec.scala:1683)
	at org.scalatest.Suite$class.run(Suite.scala:1423)
	at org.scalatest.FlatSpec.org$scalatest$FlatSpecLike$$super$run(FlatSpec.scala:1683)
	at org.scalatest.FlatSpecLike$$anonfun$run$1.apply(FlatSpecLike.scala:1752)
	at org.scalatest.FlatSpecLike$$anonfun$run$1.apply(FlatSpecLike.scala:1752)
	at org.scalatest.SuperEngine.runImpl(Engine.scala:545)
	at org.scalatest.FlatSpecLike$class.run(FlatSpecLike.scala:1752)
	at org.scalatest.FlatSpec.run(FlatSpec.scala:1683)
	at org.scalatest.tools.Framework.org$scalatest$tools$Framework$$runSuite(Framework.scala:444)
	at org.scalatest.tools.Framework$ScalaTestTask.execute(Framework.scala:651)
	at sbt.TestRunner.runTest$1(TestFramework.scala:76)
	at sbt.TestRunner.run(TestFramework.scala:85)
	at sbt.TestFramework$$anon$2$$anonfun$$init$$1$$anonfun$apply$8.apply(TestFramework.scala:202)
	at sbt.TestFramework$$anon$2$$anonfun$$init$$1$$anonfun$apply$8.apply(TestFramework.scala:202)
	at sbt.TestFramework$.sbt$TestFramework$$withContextLoader(TestFramework.scala:185)
	at sbt.TestFramework$$anon$2$$anonfun$$init$$1.apply(TestFramework.scala:202)
	at sbt.TestFramework$$anon$2$$anonfun$$init$$1.apply(TestFramework.scala:202)
	at sbt.TestFunction.apply(TestFramework.scala:207)
	at sbt.Tests$$anonfun$9.apply(Tests.scala:216)
	at sbt.Tests$$anonfun$9.apply(Tests.scala:216)
	at sbt.std.Transform$$anon$3$$anonfun$apply$2.apply(System.scala:44)
	at sbt.std.Transform$$anon$3$$anonfun$apply$2.apply(System.scala:44)
	at sbt.std.Transform$$anon$4.work(System.scala:63)
	at sbt.Execute$$anonfun$submit$1$$anonfun$apply$1.apply(Execute.scala:228)
	at sbt.Execute$$anonfun$submit$1$$anonfun$apply$1.apply(Execute.scala:228)
	at sbt.ErrorHandling$.wideConvert(ErrorHandling.scala:17)
	at sbt.Execute.work(Execute.scala:237)
	at sbt.Execute$$anonfun$submit$1.apply(Execute.scala:228)
	at sbt.Execute$$anonfun$submit$1.apply(Execute.scala:228)
	at sbt.ConcurrentRestrictions$$anon$4$$anonfun$1.apply(ConcurrentRestrictions.scala:159)
	at sbt.CompletionService$$anon$2.call(CompletionService.scala:28)
	at java.util.concurrent.FutureTask.run(FutureTask.java:266)
	at java.util.concurrent.Executors$RunnableAdapter.call(Executors.java:511)
	at java.util.concurrent.FutureTask.run(FutureTask.java:266)
	at java.util.concurrent.ThreadPoolExecutor.runWorker(ThreadPoolExecutor.java:1142)
	at java.util.concurrent.ThreadPoolExecutor$Worker.run(ThreadPoolExecutor.java:617)
	at java.lang.Thread.run(Thread.java:745)
</failure>
                                               </testcase>
                     <system-out></system-out>
                     <system-err></system-err>
                   </testsuite>